0 info it worked if it ends with ok
1 verbose cli [ '/usr/local/bin/node', '/usr/local/bin/npm', 'run', 'watch' ]
2 info using npm@2.14.4
3 info using node@v5.0.0
4 verbose run-script [ 'prewatch', 'watch', 'postwatch' ]
5 info prewatch Chatron@1.0.0
6 info watch Chatron@1.0.0
7 verbose unsafe-perm in lifecycle true
8 info Chatron@1.0.0 Failed to exec watch script
9 verbose stack Error: Chatron@1.0.0 watch: `NODE_ENV=development webpack-dev-server --hot --inline --port 8080`
9 verbose stack Exit status 1
9 verbose stack     at EventEmitter.<anonymous> (/usr/local/lib/node_modules/npm/lib/utils/lifecycle.js:214:16)
9 verbose stack     at emitTwo (events.js:87:13)
9 verbose stack     at EventEmitter.emit (events.js:172:7)
9 verbose stack     at ChildProcess.<anonymous> (/usr/local/lib/node_modules/npm/lib/utils/spawn.js:24:14)
9 verbose stack     at emitTwo (events.js:87:13)
9 verbose stack     at ChildProcess.emit (events.js:172:7)
9 verbose stack     at maybeClose (internal/child_process.js:818:16)
9 verbose stack     at Process.ChildProcess._handle.onexit (internal/child_process.js:211:5)
10 verbose pkgid Chatron@1.0.0
11 verbose cwd /Users/leoboyatzis/A-Programming/Electron-Redux/electron-redux-chat-app
12 error Darwin 15.3.0
13 error argv "/usr/local/bin/node" "/usr/local/bin/npm" "run" "watch"
14 error node v5.0.0
15 error npm  v2.14.4
16 error code ELIFECYCLE
17 error Chatron@1.0.0 watch: `NODE_ENV=development webpack-dev-server --hot --inline --port 8080`
17 error Exit status 1
18 error Failed at the Chatron@1.0.0 watch script 'NODE_ENV=development webpack-dev-server --hot --inline --port 8080'.
18 error This is most likely a problem with the Chatron package,
18 error not with npm itself.
18 error Tell the author that this fails on your system:
18 error     NODE_ENV=development webpack-dev-server --hot --inline --port 8080
18 error You can get their info via:
18 error     npm owner ls Chatron
18 error There is likely additional logging output above.
19 verbose exit [ 1, true ]
